0 info it worked if it ends with ok
1 verbose cli [ '/usr/local/bin/node', '/usr/local/bin/npm', 'run', 'dev' ]
2 info using npm@3.9.0
3 info using node@v6.0.0
4 verbose run-script [ 'predev', 'dev', 'postdev' ]
5 info lifecycle dentalsleepsolutions@~predev: dentalsleepsolutions@
6 silly lifecycle dentalsleepsolutions@~predev: no script for predev, continuing
7 info lifecycle dentalsleepsolutions@~dev: dentalsleepsolutions@
8 verbose lifecycle dentalsleepsolutions@~dev: unsafe-perm in lifecycle true
9 verbose lifecycle dentalsleepsolutions@~dev: PATH: /usr/local/lib/node_modules/npm/bin/node-gyp-bin:/vagrant/projects/ds3.loc/dss-vue/node_modules/.bin:/usr/local/bin:/usr/local/sbin:/usr/local/bin:/usr/sbin:/usr/bin:/sbin:/bin:/usr/games:/usr/local/games
10 verbose lifecycle dentalsleepsolutions@~dev: CWD: /vagrant/projects/ds3.loc/dss-vue
11 silly lifecycle dentalsleepsolutions@~dev: Args: [ '-c', 'npm-run-all --parallel watchify serve' ]
12 silly lifecycle dentalsleepsolutions@~dev: Returned: code: 1  signal: null
13 info lifecycle dentalsleepsolutions@~dev: Failed to exec dev script
14 verbose stack Error: dentalsleepsolutions@ dev: `npm-run-all --parallel watchify serve`
14 verbose stack Exit status 1
14 verbose stack     at EventEmitter.<anonymous> (/usr/local/lib/node_modules/npm/lib/utils/lifecycle.js:245:16)
14 verbose stack     at emitTwo (events.js:106:13)
14 verbose stack     at EventEmitter.emit (events.js:191:7)
14 verbose stack     at ChildProcess.<anonymous> (/usr/local/lib/node_modules/npm/lib/utils/spawn.js:24:14)
14 verbose stack     at emitTwo (events.js:106:13)
14 verbose stack     at ChildProcess.emit (events.js:191:7)
14 verbose stack     at maybeClose (internal/child_process.js:850:16)
14 verbose stack     at Process.ChildProcess._handle.onexit (internal/child_process.js:215:5)
15 verbose pkgid dentalsleepsolutions@
16 verbose cwd /vagrant/projects/ds3.loc/dss-vue
17 error Linux 3.13.0-79-generic
18 error argv "/usr/local/bin/node" "/usr/local/bin/npm" "run" "dev"
19 error node v6.0.0
20 error npm  v3.9.0
21 error code ELIFECYCLE
22 error dentalsleepsolutions@ dev: `npm-run-all --parallel watchify serve`
22 error Exit status 1
23 error Failed at the dentalsleepsolutions@ dev script 'npm-run-all --parallel watchify serve'.
23 error Make sure you have the latest version of node.js and npm installed.
23 error If you do, this is most likely a problem with the dentalsleepsolutions package,
23 error not with npm itself.
23 error Tell the author that this fails on your system:
23 error     npm-run-all --parallel watchify serve
23 error You can get information on how to open an issue for this project with:
23 error     npm bugs dentalsleepsolutions
23 error Or if that isn't available, you can get their info via:
23 error     npm owner ls dentalsleepsolutions
23 error There is likely additional logging output above.
24 verbose exit [ 1, true ]
